<?xml version="1.0" encoding="UTF-8"?>
<!-- Generated by org.testng.reporters.JUnitXMLReporter -->
<testsuite hostname="LAPTOP-BVRLLD76" ignored="0" tests="4" failures="0" timestamp="2022-11-17T02:41:00 IST" time="30.496" errors="0">
  <testcase name="@BeforeTest setup" time="30.265" classname="SampleTest">
    <failure type="java.lang.RuntimeException" message="Failed to create driver">
      <![CDATA[java.lang.RuntimeException: Failed to create driver
at com.microsoft.playwright.impl.driver.Driver.createAndInstall(Driver.java:105)
at com.microsoft.playwright.impl.driver.Driver.ensureDriverInstalled(Driver.java:57)
at com.microsoft.playwright.impl.PlaywrightImpl.createImpl(PlaywrightImpl.java:45)
at com.microsoft.playwright.impl.PlaywrightImpl.create(PlaywrightImpl.java:35)
at com.microsoft.playwright.Playwright.create(Playwright.java:96)
at com.microsoft.playwright.Playwright.create(Playwright.java:100)
at SampleTest.setup(SampleTest.java:23)
Caused by: java.lang.RuntimeException: Failed to install browsers, exit code: 1
at com.microsoft.playwright.impl.driver.jar.DriverJar.installBrowsers(DriverJar.java:100)
at com.microsoft.playwright.impl.driver.jar.DriverJar.initialize(DriverJar.java:69)
at com.microsoft.playwright.impl.driver.Driver.initialize(Driver.java:64)
at com.microsoft.playwright.impl.driver.Driver.createAndInstall(Driver.java:101)
... 39 more
... Removed 33 stack frames]]>
    </failure>
  </testcase> <!-- @BeforeTest setup -->
  <testcase name="@BeforeMethod init" time="-1.668633060133E9" classname="SampleTest">
    <skipped/>
  </testcase> <!-- @BeforeMethod init -->
  <testcase name="@AfterMethod endMethod" time="-1.668633060145E9" classname="SampleTest">
    <skipped/>
  </testcase> <!-- @AfterMethod endMethod -->
  <testcase name="@BeforeMethod init" time="-1.668633060149E9" classname="SampleTest">
    <skipped/>
  </testcase> <!-- @BeforeMethod init -->
  <testcase name="@AfterMethod endMethod" time="-1.668633060151E9" classname="SampleTest">
    <skipped/>
  </testcase> <!-- @AfterMethod endMethod -->
  <testcase name="@BeforeMethod init" time="-1.668633060154E9" classname="SampleTest">
    <skipped/>
  </testcase> <!-- @BeforeMethod init -->
  <testcase name="@AfterMethod endMethod" time="-1.668633060157E9" classname="SampleTest">
    <skipped/>
  </testcase> <!-- @AfterMethod endMethod -->
  <testcase name="@BeforeMethod init" time="-1.668633060162E9" classname="SampleTest">
    <skipped/>
  </testcase> <!-- @BeforeMethod init -->
  <testcase name="@AfterMethod endMethod" time="-1.668633060165E9" classname="SampleTest">
    <skipped/>
  </testcase> <!-- @AfterMethod endMethod -->
  <testcase name="@AfterTest tearDown" time="-1.668633060175E9" classname="SampleTest">
    <skipped/>
  </testcase> <!-- @AfterTest tearDown -->
  <testcase name="test1" time="0.0" classname="SampleTest">
    <skipped/>
  </testcase> <!-- test1 -->
  <testcase name="test2" time="0.0" classname="SampleTest">
    <skipped/>
  </testcase> <!-- test2 -->
  <testcase name="test3" time="0.0" classname="SampleTest">
    <skipped/>
  </testcase> <!-- test3 -->
  <testcase name="testRecord" time="0.0" classname="SampleTest">
    <skipped/>
  </testcase> <!-- testRecord -->
</testsuite>
