<?xml version="1.0" encoding="UTF-8"?>
<!-- Generated by org.testng.reporters.JUnitReportReporter -->
<testsuite skipped="4" hostname="LAPTOP-BVRLLD76" name="SampleTest" tests="5" failures="0" timestamp="2022-11-17T02:41:00 IST" time="30.265" errors="1">
  <testcase name="setup" time="30.265" classname="SampleTest">
    <error type="java.lang.RuntimeException" message="Failed to create driver">
      <![CDATA[java.lang.RuntimeException: Failed to create driver
at com.microsoft.playwright.impl.driver.Driver.createAndInstall(Driver.java:105)
at com.microsoft.playwright.impl.driver.Driver.ensureDriverInstalled(Driver.java:57)
at com.microsoft.playwright.impl.PlaywrightImpl.createImpl(PlaywrightImpl.java:45)
at com.microsoft.playwright.impl.PlaywrightImpl.create(PlaywrightImpl.java:35)
at com.microsoft.playwright.Playwright.create(Playwright.java:96)
at com.microsoft.playwright.Playwright.create(Playwright.java:100)
at SampleTest.setup(SampleTest.java:23)
at sun.reflect.NativeMethodAccessorImpl.invoke0(Native Method)
at sun.reflect.NativeMethodAccessorImpl.invoke(NativeMethodAccessorImpl.java:62)
at sun.reflect.DelegatingMethodAccessorImpl.invoke(DelegatingMethodAccessorImpl.java:43)
at java.lang.reflect.Method.invoke(Method.java:498)
at org.testng.internal.MethodInvocationHelper.invokeMethod(MethodInvocationHelper.java:133)
at org.testng.internal.MethodInvocationHelper.invokeMethodConsideringTimeout(MethodInvocationHelper.java:62)
at org.testng.internal.ConfigInvoker.invokeConfigurationMethod(ConfigInvoker.java:385)
at org.testng.internal.ConfigInvoker.invokeConfigurations(ConfigInvoker.java:321)
at org.testng.TestRunner.invokeTestConfigurations(TestRunner.java:637)
at org.testng.TestRunner.beforeRun(TestRunner.java:627)
at org.testng.TestRunner.run(TestRunner.java:589)
at org.testng.SuiteRunner.runTest(SuiteRunner.java:377)
at org.testng.SuiteRunner.runSequentially(SuiteRunner.java:371)
at org.testng.SuiteRunner.privateRun(SuiteRunner.java:332)
at org.testng.SuiteRunner.run(SuiteRunner.java:276)
at org.testng.SuiteRunnerWorker.runSuite(SuiteRunnerWorker.java:53)
at org.testng.SuiteRunnerWorker.run(SuiteRunnerWorker.java:96)
at org.testng.TestNG.runSuitesSequentially(TestNG.java:1212)
at org.testng.TestNG.runSuitesLocally(TestNG.java:1134)
at org.testng.TestNG.runSuites(TestNG.java:1063)
at org.testng.TestNG.run(TestNG.java:1031)
at org.apache.maven.surefire.testng.TestNGExecutor.run(TestNGExecutor.java:77)
at org.apache.maven.surefire.testng.TestNGDirectoryTestSuite.execute(TestNGDirectoryTestSuite.java:110)
at org.apache.maven.surefire.testng.TestNGProvider.invoke(TestNGProvider.java:106)
at sun.reflect.NativeMethodAccessorImpl.invoke0(Native Method)
at sun.reflect.NativeMethodAccessorImpl.invoke(NativeMethodAccessorImpl.java:62)
at sun.reflect.DelegatingMethodAccessorImpl.invoke(DelegatingMethodAccessorImpl.java:43)
at java.lang.reflect.Method.invoke(Method.java:498)
at org.apache.maven.surefire.util.ReflectionUtils.invokeMethodWithArray(ReflectionUtils.java:189)
at org.apache.maven.surefire.booter.ProviderFactory$ProviderProxy.invoke(ProviderFactory.java:165)
at org.apache.maven.surefire.booter.ProviderFactory.invokeProvider(ProviderFactory.java:85)
at org.apache.maven.surefire.booter.ForkedBooter.runSuitesInProcess(ForkedBooter.java:115)
at org.apache.maven.surefire.booter.ForkedBooter.main(ForkedBooter.java:75)
Caused by: java.lang.RuntimeException: Failed to install browsers, exit code: 1
at com.microsoft.playwright.impl.driver.jar.DriverJar.installBrowsers(DriverJar.java:100)
at com.microsoft.playwright.impl.driver.jar.DriverJar.initialize(DriverJar.java:69)
at com.microsoft.playwright.impl.driver.Driver.initialize(Driver.java:64)
at com.microsoft.playwright.impl.driver.Driver.createAndInstall(Driver.java:101)
... 39 more
]]>
    </error>
  </testcase> <!-- setup -->
  <system-out/>
  <testcase name="test3" time="0.000" classname="SampleTest">
    <skipped/>
  </testcase> <!-- test3 -->
  <system-out/>
  <testcase name="test1" time="0.000" classname="SampleTest">
    <skipped/>
  </testcase> <!-- test1 -->
  <system-out/>
  <testcase name="test2" time="0.000" classname="SampleTest">
    <skipped/>
  </testcase> <!-- test2 -->
  <system-out/>
  <testcase name="testRecord" time="0.000" classname="SampleTest">
    <skipped/>
  </testcase> <!-- testRecord -->
  <system-out/>
</testsuite> <!-- SampleTest -->
